<?xml version="1.0" encoding="UTF-8"?>
<!-- Generated by org.testng.reporters.JUnitReportReporter -->
<testsuite hostname="DESKTOP-7JLIG1H" failures="0" tests="1" name="KiteAppTest.KiteAppTestClass" time="7.288" errors="0" timestamp="2022-08-06T15:32:48 IST" skipped="0">
  <testcase classname="KiteAppTest.KiteAppTestClass" name="validateUserName" time="7.288"/>
  <system-out/>
</testsuite> <!-- KiteAppTest.KiteAppTestClass -->
